2026-02-05 18:31:50,060 - __main__ - INFO - Task 1: Laying the Foundation - Analysis Started
2026-02-05 18:31:50,073 - __main__ - INFO - Timestamp: 2026-02-05 18:31:50.073006
2026-02-05 18:33:56,715 - __main__ - INFO - Added Scripts directory to system path: 
2026-02-05 18:34:34,003 - analysis - INFO - Timestamp: 2026-02-05 18:34:34.003342
2026-02-05 18:34:37,997 - analysis - INFO - Workflow documented with 8 major phases
2026-02-05 18:35:59,599 - loader - INFO - Timestamp: 2026-02-05 18:35:59.599826
2026-02-05 18:35:59,605 - loader - INFO - Loading data from ../data/BrentOilPrices.csv
2026-02-05 18:35:59,613 - loader - INFO - Data loaded successfully. Shape: (9011, 2)
2026-02-05 18:35:59,615 - loader - INFO - Converting Date column to datetime format
2026-02-05 18:35:59,628 - loader - ERROR - Error preprocessing data: time data "Apr 22, 2020" doesn't match format "%d-%b-%y". You might want to try:
    - passing `format` if your strings have a consistent format;
    - passing `format='ISO8601'` if your strings are all ISO8601 but not necessarily in exactly the same format;
    - passing `format='mixed'`, and the format will be inferred for each element individually. You might want to use `dayfirst` alongside this.
2026-02-05 18:37:43,312 - __main__ - INFO - Task 1: Laying the Foundation - Analysis Started
2026-02-05 18:37:43,312 - __main__ - INFO - Timestamp: 2026-02-05 18:37:43.312316
2026-02-05 18:37:43,326 - __main__ - INFO - Added Scripts directory to system path: 
2026-02-05 18:37:43,478 - analysis - INFO - Timestamp: 2026-02-05 18:37:43.478280
2026-02-05 18:37:43,478 - analysis - INFO - Workflow documented with 8 major phases
2026-02-05 18:37:43,489 - loader - INFO - Timestamp: 2026-02-05 18:37:43.489692
2026-02-05 18:37:43,489 - loader - INFO - Loading data from ../data/BrentOilPrices.csv
2026-02-05 18:37:43,489 - loader - INFO - Data loaded successfully. Shape: (9011, 2)
2026-02-05 18:37:43,489 - loader - INFO - Converting Date column to datetime format
2026-02-05 18:37:43,768 - loader - INFO - Sorting data by date
2026-02-05 18:37:43,770 - loader - INFO - No missing values found
2026-02-05 18:37:43,771 - loader - INFO - Validating data quality
2026-02-05 18:37:43,773 - loader - INFO - Data validation completed successfully
2026-02-05 18:37:43,789 - event_compiler - INFO - Timestamp: 2026-02-05 18:37:43.789853
2026-02-05 18:37:43,791 - event_compiler - INFO - Compiled 15 major events
2026-02-05 18:37:43,799 - event_compiler - INFO - Events exported to major_events.csv
2026-02-05 18:37:43,813 - documentation - INFO - Timestamp: 2026-02-05 18:37:43.813201
2026-02-05 18:37:43,815 - documentation - INFO - Assumptions and limitations exported to assumptions_and_limitations.txt
2026-02-05 18:37:43,823 - analysis - INFO - Calculating log returns
2026-02-05 18:37:44,413 - analysis - INFO - Price series plot saved
2026-02-05 18:37:45,342 - analysis - INFO - Log returns and volatility plot saved
2026-02-05 18:37:45,342 - analysis - INFO - Calculating summary statistics
2026-02-05 18:37:45,353 - analysis - INFO - Running ADF test on Price Series
2026-02-05 18:37:45,704 - analysis - INFO - Running KPSS test on Price Series
2026-02-05 18:37:45,706 - analysis - INFO - Running ADF test on Log Returns
2026-02-05 18:37:46,099 - analysis - INFO - Running KPSS test on Log Returns
2026-02-05 18:37:46,113 - __main__ - INFO - Task 1: Foundation Analysis - COMPLETED
2026-02-05 18:43:20,635 - __main__ - INFO - Task 1: Laying the Foundation - Analysis Started
2026-02-05 18:43:20,635 - __main__ - INFO - Timestamp: 2026-02-05 18:43:20.635915
2026-02-05 18:43:20,653 - __main__ - INFO - Added Scripts directory to system path: 
2026-02-05 18:43:20,788 - analysis - INFO - Timestamp: 2026-02-05 18:43:20.788728
2026-02-05 18:43:20,788 - analysis - INFO - Workflow documented with 8 major phases
2026-02-05 18:43:20,802 - loader - INFO - Timestamp: 2026-02-05 18:43:20.802178
2026-02-05 18:43:20,802 - loader - INFO - Loading data from ../data/BrentOilPrices.csv
2026-02-05 18:43:20,802 - loader - ERROR - Error loading data: [Errno 2] No such file or directory: '../data/BrentOilPrices.csv'
2026-02-05 18:43:30,853 - __main__ - INFO - Task 1: Laying the Foundation - Analysis Started
2026-02-05 18:43:30,854 - __main__ - INFO - Timestamp: 2026-02-05 18:43:30.854422
2026-02-05 18:43:30,872 - analysis - INFO - Workflow documented with 8 major phases
2026-02-05 18:43:30,887 - loader - INFO - Loading data from ../data/raw/BrentOilPrices.csv
2026-02-05 18:43:30,893 - loader - INFO - Data loaded successfully. Shape: (9011, 2)
2026-02-05 18:43:30,895 - loader - INFO - Converting Date column to datetime format
2026-02-05 18:43:31,165 - loader - INFO - Sorting data by date
2026-02-05 18:43:31,165 - loader - INFO - No missing values found
2026-02-05 18:43:31,165 - loader - INFO - Validating data quality
2026-02-05 18:43:31,165 - loader - INFO - Data validation completed successfully
2026-02-05 18:43:31,220 - event_compiler - INFO - Timestamp: 2026-02-05 18:43:31.220200
2026-02-05 18:43:31,220 - event_compiler - INFO - Compiled 15 major events
2026-02-05 18:43:31,224 - event_compiler - ERROR - Error exporting events: Cannot save file into a non-existent directory: '..\data\processsed'
2026-02-05 18:44:03,575 - __main__ - INFO - Task 1: Laying the Foundation - Analysis Started
2026-02-05 18:44:03,575 - __main__ - INFO - Timestamp: 2026-02-05 18:44:03.575837
2026-02-05 18:44:03,595 - analysis - INFO - Workflow documented with 8 major phases
2026-02-05 18:44:03,609 - loader - INFO - Loading data from ../data/raw/BrentOilPrices.csv
2026-02-05 18:44:03,622 - loader - INFO - Data loaded successfully. Shape: (9011, 2)
2026-02-05 18:44:03,623 - loader - INFO - Converting Date column to datetime format
2026-02-05 18:44:03,890 - loader - INFO - Sorting data by date
2026-02-05 18:44:03,892 - loader - INFO - No missing values found
2026-02-05 18:44:03,893 - loader - INFO - Validating data quality
2026-02-05 18:44:03,895 - loader - INFO - Data validation completed successfully
2026-02-05 18:44:03,905 - event_compiler - INFO - Compiled 15 major events
2026-02-05 18:44:03,909 - event_compiler - INFO - Events exported to ../data/processed/major_events.csv
2026-02-05 18:44:03,920 - documentation - INFO - Timestamp: 2026-02-05 18:44:03.920141
2026-02-05 18:44:03,923 - documentation - INFO - Assumptions and limitations exported to ../data/processed/assumptions_and_limitations.txt
2026-02-05 18:44:03,939 - analysis - INFO - Calculating log returns
2026-02-05 18:44:04,438 - analysis - INFO - Price series plot saved
2026-02-05 18:44:05,328 - analysis - INFO - Log returns and volatility plot saved
2026-02-05 18:44:05,328 - analysis - INFO - Calculating summary statistics
2026-02-05 18:44:05,342 - analysis - INFO - Running ADF test on Price Series
2026-02-05 18:44:05,760 - analysis - INFO - Running KPSS test on Price Series
2026-02-05 18:44:05,760 - analysis - INFO - Running ADF test on Log Returns
2026-02-05 18:44:06,127 - analysis - INFO - Running KPSS test on Log Returns
2026-02-05 18:44:06,138 - __main__ - INFO - Task 1: Foundation Analysis - COMPLETED
